TN:
SF:src/Sybil.sol
FN:84,Sybil.initialize
FNDA:0,Sybil.initialize
DA:92,0
DA:92,0
DA:93,0
DA:93,0
DA:95,0
DA:95,0
DA:101,0
DA:101,0
DA:107,0
DA:107,0
FN:118,Sybil.addL1Transaction
FNDA:13,Sybil.addL1Transaction
DA:125,13
DA:125,13
DA:125,13
DA:126,13
DA:126,13
BRDA:126,0,0,-
BRDA:126,0,1,13
DA:127,0
DA:127,0
DA:129,13
DA:129,13
BRDA:129,1,0,-
BRDA:129,1,1,13
DA:130,0
DA:130,0
DA:133,13
DA:133,13
DA:133,13
DA:134,13
DA:134,13
BRDA:134,2,0,-
BRDA:134,2,1,13
DA:135,0
DA:135,0
DA:138,13
DA:138,13
DA:138,13
DA:138,7
BRDA:138,3,0,1
BRDA:138,3,1,6
DA:139,7
DA:139,7
DA:139,7
DA:139,6
BRDA:139,4,0,1
BRDA:139,4,1,6
DA:140,1
DA:140,1
DA:142,6
DA:142,6
DA:142,6
DA:142,6
DA:142,2
DA:142,2
BRDA:142,5,0,1
BRDA:142,5,1,1
DA:143,2
DA:143,2
DA:143,2
DA:143,1
BRDA:143,6,0,1
BRDA:143,6,1,1
DA:144,1
DA:144,1
DA:146,4
DA:146,4
DA:146,4
DA:146,4
DA:146,2
DA:146,2
BRDA:146,7,0,1
BRDA:146,7,1,1
DA:147,2
DA:147,2
DA:147,2
DA:147,1
BRDA:147,8,0,1
BRDA:147,8,1,1
DA:148,1
DA:148,1
DA:150,2
DA:150,2
DA:150,2
DA:150,2
DA:150,1
DA:150,1
BRDA:150,9,0,-
BRDA:150,9,1,1
DA:151,1
DA:151,1
DA:151,1
DA:151,1
DA:151,1
DA:151,1
BRDA:151,10,0,-
BRDA:151,10,1,1
DA:152,0
DA:152,0
DA:155,1
DA:155,1
DA:158,9
DA:158,9
FN:170,Sybil._l1QueueAddTx
FNDA:9,Sybil._l1QueueAddTx
DA:178,9
DA:178,9
DA:178,9
DA:187,9
DA:187,9
DA:187,9
DA:190,9
DA:190,9
DA:195,9
DA:195,9
DA:197,9
DA:197,9
DA:197,9
BRDA:197,11,0,-
BRDA:197,11,1,9
DA:198,0
DA:198,0
FN:206,Sybil._clearQueue
FNDA:1,Sybil._clearQueue
DA:207,1
DA:207,1
DA:207,1
DA:210,1
DA:210,1
DA:211,1
DA:211,1
DA:212,1
DA:212,1
BRDA:212,12,0,1
BRDA:212,12,1,1
DA:213,1
DA:213,1
DA:215,1
DA:215,1
FN:227,Sybil.forgeBatch
FNDA:9,Sybil.forgeBatch
DA:240,9
DA:240,9
DA:241,9
DA:241,9
DA:242,9
DA:242,9
DA:243,9
DA:243,9
DA:244,9
DA:244,9
DA:245,9
DA:245,9
DA:248,9
DA:248,9
BRDA:248,13,0,-
BRDA:248,13,1,9
DA:258,9
DA:258,9
DA:259,9
BRDA:259,14,0,1
BRDA:259,14,1,9
DA:260,1
DA:260,1
DA:261,1
DA:261,1
DA:264,9
DA:264,9
FN:271,Sybil.setForgeL1L2BatchTimeout
FNDA:0,Sybil.setForgeL1L2BatchTimeout
DA:272,0
DA:272,0
BRDA:272,15,0,-
BRDA:272,15,1,-
DA:276,0
DA:276,0
FN:288,Sybil.withdrawMerkleProof
FNDA:0,Sybil.withdrawMerkleProof
DA:296,0
DA:296,0
DA:296,0
DA:302,0
DA:302,0
DA:302,0
DA:305,0
BRDA:305,16,0,-
BRDA:305,16,1,-
DA:306,0
DA:306,0
DA:310,0
DA:310,0
DA:313,0
DA:313,0
BRDA:313,17,0,-
BRDA:313,17,1,-
DA:314,0
DA:314,0
DA:318,0
DA:318,0
DA:320,0
DA:320,0
DA:322,0
DA:322,0
FN:329,Sybil._withdrawFunds
FNDA:0,Sybil._withdrawFunds
DA:332,0
DA:332,0
FN:339,Sybil._safeTransfer
FNDA:0,Sybil._safeTransfer
DA:343,0
DA:343,0
DA:343,0
DA:346,0
DA:346,0
BRDA:346,18,0,-
BRDA:346,18,1,-
DA:347,0
DA:347,0
FN:356,Sybil.getStateRoot
FNDA:1,Sybil.getStateRoot
DA:357,1
DA:357,1
FN:364,Sybil.getLastForgedBatch
FNDA:2,Sybil.getLastForgedBatch
DA:365,2
DA:365,2
FN:373,Sybil.getL1TransactionQueue
FNDA:1,Sybil.getL1TransactionQueue
DA:374,1
DA:374,1
FN:381,Sybil.getQueueLength
FNDA:3,Sybil.getQueueLength
DA:382,3
DA:382,3
DA:382,3
FN:390,Sybil._float2Fix
FNDA:26,Sybil._float2Fix
DA:391,26
DA:391,26
DA:391,26
DA:391,26
DA:391,26
FN:400,Sybil._initializeVerifiers
FNDA:0,Sybil._initializeVerifiers
DA:405,0
DA:405,0
DA:405,0
DA:405,0
DA:406,0
DA:406,0
FNF:15
FNH:9
LF:74
LH:46
BRF:38
BRH:23
end_of_record
TN:
SF:src/stub/VerifierRollupStub.sol
FN:7,VerifierRollupStub.verifyProof
FNDA:9,VerifierRollupStub.verifyProof
DA:13,9
DA:13,9
FNF:1
FNH:1
LF:1
LH:1
BRF:0
BRH:0
end_of_record
TN:
SF:src/sybil.sol
FN:84,Sybil.initialize
FNDA:0,Sybil.initialize
DA:92,0
DA:92,0
DA:93,0
DA:93,0
DA:95,0
DA:95,0
DA:101,0
DA:101,0
DA:107,0
DA:107,0
FN:118,Sybil.addL1Transaction
FNDA:0,Sybil.addL1Transaction
DA:125,0
DA:125,0
DA:125,0
DA:126,0
DA:126,0
BRDA:126,0,0,-
BRDA:126,0,1,-
DA:127,0
DA:127,0
DA:129,0
DA:129,0
BRDA:129,1,0,-
BRDA:129,1,1,-
DA:130,0
DA:130,0
DA:133,0
DA:133,0
DA:133,0
DA:134,0
DA:134,0
BRDA:134,2,0,-
BRDA:134,2,1,-
DA:135,0
DA:135,0
DA:138,0
DA:138,0
DA:138,0
DA:138,0
BRDA:138,3,0,-
BRDA:138,3,1,-
DA:139,0
DA:139,0
DA:139,0
DA:139,0
BRDA:139,4,0,-
BRDA:139,4,1,-
DA:140,0
DA:140,0
DA:142,0
DA:142,0
DA:142,0
DA:142,0
DA:142,0
DA:142,0
BRDA:142,5,0,-
BRDA:142,5,1,-
DA:143,0
DA:143,0
DA:143,0
DA:143,0
BRDA:143,6,0,-
BRDA:143,6,1,-
DA:144,0
DA:144,0
DA:146,0
DA:146,0
DA:146,0
DA:146,0
DA:146,0
DA:146,0
BRDA:146,7,0,-
BRDA:146,7,1,-
DA:147,0
DA:147,0
DA:147,0
DA:147,0
BRDA:147,8,0,-
BRDA:147,8,1,-
DA:148,0
DA:148,0
DA:150,0
DA:150,0
DA:150,0
DA:150,0
DA:150,0
DA:150,0
BRDA:150,9,0,-
BRDA:150,9,1,-
DA:151,0
DA:151,0
DA:151,0
DA:151,0
DA:151,0
DA:151,0
BRDA:151,10,0,-
BRDA:151,10,1,-
DA:152,0
DA:152,0
DA:155,0
DA:155,0
DA:158,0
DA:158,0
FN:170,Sybil._l1QueueAddTx
FNDA:0,Sybil._l1QueueAddTx
DA:178,0
DA:178,0
DA:178,0
DA:187,0
DA:187,0
DA:187,0
DA:190,0
DA:190,0
DA:195,0
DA:195,0
DA:197,0
DA:197,0
DA:197,0
BRDA:197,11,0,-
BRDA:197,11,1,-
DA:198,0
DA:198,0
FN:206,Sybil._clearQueue
FNDA:0,Sybil._clearQueue
DA:207,0
DA:207,0
DA:207,0
DA:210,0
DA:210,0
DA:211,0
DA:211,0
DA:212,0
DA:212,0
BRDA:212,12,0,-
BRDA:212,12,1,-
DA:213,0
DA:213,0
DA:215,0
DA:215,0
FN:227,Sybil.forgeBatch
FNDA:0,Sybil.forgeBatch
DA:240,0
DA:240,0
DA:241,0
DA:241,0
DA:242,0
DA:242,0
DA:243,0
DA:243,0
DA:244,0
DA:244,0
DA:245,0
DA:245,0
DA:248,0
DA:248,0
BRDA:248,13,0,-
BRDA:248,13,1,-
DA:258,0
DA:258,0
DA:259,0
BRDA:259,14,0,-
BRDA:259,14,1,-
DA:260,0
DA:260,0
DA:261,0
DA:261,0
DA:264,0
DA:264,0
FN:271,Sybil.setForgeL1L2BatchTimeout
FNDA:0,Sybil.setForgeL1L2BatchTimeout
DA:272,0
DA:272,0
BRDA:272,15,0,-
BRDA:272,15,1,-
DA:276,0
DA:276,0
FN:288,Sybil.withdrawMerkleProof
FNDA:0,Sybil.withdrawMerkleProof
DA:296,0
DA:296,0
DA:296,0
DA:302,0
DA:302,0
DA:302,0
DA:305,0
BRDA:305,16,0,-
BRDA:305,16,1,-
DA:306,0
DA:306,0
DA:310,0
DA:310,0
DA:313,0
DA:313,0
BRDA:313,17,0,-
BRDA:313,17,1,-
DA:314,0
DA:314,0
DA:318,0
DA:318,0
DA:320,0
DA:320,0
DA:322,0
DA:322,0
FN:329,Sybil._withdrawFunds
FNDA:0,Sybil._withdrawFunds
DA:332,0
DA:332,0
FN:339,Sybil._safeTransfer
FNDA:0,Sybil._safeTransfer
DA:343,0
DA:343,0
DA:343,0
DA:346,0
DA:346,0
BRDA:346,18,0,-
BRDA:346,18,1,-
DA:347,0
DA:347,0
FN:356,Sybil.getStateRoot
FNDA:0,Sybil.getStateRoot
DA:357,0
DA:357,0
FN:364,Sybil.getLastForgedBatch
FNDA:0,Sybil.getLastForgedBatch
DA:365,0
DA:365,0
FN:373,Sybil.getL1TransactionQueue
FNDA:0,Sybil.getL1TransactionQueue
DA:374,0
DA:374,0
FN:381,Sybil.getQueueLength
FNDA:0,Sybil.getQueueLength
DA:382,0
DA:382,0
DA:382,0
FN:390,Sybil._float2Fix
FNDA:0,Sybil._float2Fix
DA:391,0
DA:391,0
DA:391,0
DA:391,0
DA:391,0
FN:400,Sybil._initializeVerifiers
FNDA:0,Sybil._initializeVerifiers
DA:405,0
DA:405,0
DA:405,0
DA:405,0
DA:406,0
DA:406,0
FNF:15
FNH:0
LF:74
LH:0
BRF:38
BRH:0
end_of_record
TN:
SF:src/sybilHelpers.sol
FN:22,PoseidonUnit4.poseidon
FNDA:0,PoseidonUnit4.poseidon
FN:8,PoseidonUnit2.poseidon
FNDA:0,PoseidonUnit2.poseidon
FN:15,PoseidonUnit3.poseidon
FNDA:0,PoseidonUnit3.poseidon
FN:37,SybilHelpers._initializeHelpers
FNDA:0,SybilHelpers._initializeHelpers
DA:42,0
DA:42,0
BRDA:42,0,0,-
BRDA:42,0,1,-
DA:43,0
DA:43,0
BRDA:43,1,0,-
BRDA:43,1,1,-
DA:44,0
DA:44,0
BRDA:44,2,0,-
BRDA:44,2,1,-
DA:46,0
DA:46,0
DA:47,0
DA:47,0
DA:48,0
DA:48,0
FN:59,SybilHelpers._buildTreeState
FNDA:0,SybilHelpers._buildTreeState
DA:65,0
DA:65,0
DA:67,0
DA:67,0
DA:68,0
DA:68,0
DA:70,0
DA:70,0
DA:72,0
DA:72,0
DA:74,0
DA:74,0
DA:75,0
DA:75,0
FN:83,SybilHelpers._hash2Elements
FNDA:0,SybilHelpers._hash2Elements
DA:87,0
DA:87,0
DA:87,0
FN:95,SybilHelpers._hash3Elements
FNDA:0,SybilHelpers._hash3Elements
DA:99,0
DA:99,0
DA:99,0
FN:107,SybilHelpers._hash4Elements
FNDA:0,SybilHelpers._hash4Elements
DA:111,0
DA:111,0
DA:111,0
FN:120,SybilHelpers._hashFinalNode
FNDA:0,SybilHelpers._hashFinalNode
DA:124,0
DA:124,0
DA:125,0
DA:125,0
DA:126,0
DA:126,0
DA:127,0
DA:127,0
DA:128,0
DA:128,0
DA:128,0
FN:139,SybilHelpers._smtVerifier
FNDA:0,SybilHelpers._smtVerifier
DA:146,0
DA:146,0
DA:146,0
DA:147,0
DA:147,0
DA:148,0
DA:148,0
DA:148,0
DA:148,0
DA:148,0
DA:148,0
DA:149,0
DA:149,0
DA:150,0
DA:150,0
DA:150,0
DA:151,0
DA:151,0
DA:157,0
DA:157,0
DA:157,0
FN:166,SybilHelpers._hashNode
FNDA:0,SybilHelpers._hashNode
DA:170,0
DA:170,0
DA:171,0
DA:171,0
DA:172,0
DA:172,0
DA:173,0
DA:173,0
DA:173,0
FNF:11
FNH:0
LF:32
LH:0
BRF:6
BRH:0
end_of_record
TN:
SF:test/_helpers/constants.sol
FN:17,TestHelpers.toEther
FNDA:0,TestHelpers.toEther
DA:18,0
DA:18,0
DA:18,0
FN:22,TestHelpers.getZeroAddress
FNDA:0,TestHelpers.getZeroAddress
DA:23,0
DA:23,0
DA:23,0
FN:26,TestHelpers.toWei
FNDA:0,TestHelpers.toWei
DA:27,0
DA:27,0
DA:27,0
FN:30,TestHelpers.isValidAddress
FNDA:0,TestHelpers.isValidAddress
DA:31,0
DA:31,0
DA:31,0
DA:31,0
FN:34,TestHelpers.exceedsLimit
FNDA:0,TestHelpers.exceedsLimit
DA:35,0
DA:35,0
DA:35,0
FN:39,TestHelpers.getZeroAmount
FNDA:0,TestHelpers.getZeroAmount
DA:40,0
DA:40,0
FN:44,TestHelpers.getOneEther
FNDA:0,TestHelpers.getOneEther
DA:45,0
DA:45,0
FN:49,TestHelpers.float2Fix
FNDA:0,TestHelpers.float2Fix
DA:50,0
DA:50,0
DA:50,0
FNF:8
FNH:0
LF:8
LH:0
BRF:0
BRH:0
end_of_record
TN:
SF:test/_helpers/transactionTypes.sol
FN:15,TransactionTypeHelper.validDeposit
FNDA:0,TransactionTypeHelper.validDeposit
DA:16,0
DA:16,0
DA:16,0
FN:26,TransactionTypeHelper.invalidDeposit
FNDA:0,TransactionTypeHelper.invalidDeposit
DA:27,0
DA:27,0
DA:27,0
FN:37,TransactionTypeHelper.validCreateAccount
FNDA:0,TransactionTypeHelper.validCreateAccount
DA:38,0
DA:38,0
DA:38,0
FN:48,TransactionTypeHelper.invalidCreateAccount
FNDA:0,TransactionTypeHelper.invalidCreateAccount
DA:49,0
DA:49,0
DA:49,0
FN:59,TransactionTypeHelper.validForceExit
FNDA:0,TransactionTypeHelper.validForceExit
DA:60,0
DA:60,0
DA:60,0
FN:70,TransactionTypeHelper.invalidForceExit
FNDA:0,TransactionTypeHelper.invalidForceExit
DA:71,0
DA:71,0
DA:71,0
FN:81,TransactionTypeHelper.validForceExplode
FNDA:0,TransactionTypeHelper.validForceExplode
DA:82,0
DA:82,0
DA:82,0
FN:92,TransactionTypeHelper.valid
FNDA:0,TransactionTypeHelper.valid
DA:93,0
DA:93,0
DA:93,0
FN:103,TransactionTypeHelper.invalidForceExplode
FNDA:0,TransactionTypeHelper.invalidForceExplode
DA:104,0
DA:104,0
DA:104,0
FNF:9
FNH:0
LF:9
LH:0
BRF:0
BRH:0
end_of_record
