TN:
SF:script/DeployPoseidon.s.sol
FN:8,DeployPoseidon.run
FNDA:0,DeployPoseidon.run
DA:9,0
DA:9,0
DA:11,0
DA:11,0
DA:11,0
DA:13,0
DA:13,0
DA:14,0
DA:14,0
DA:17,0
DA:17,0
DA:18,0
DA:18,0
DA:18,0
DA:19,0
DA:19,0
DA:19,0
DA:20,0
DA:20,0
DA:27,0
DA:27,0
DA:28,0
DA:28,0
DA:28,0
DA:29,0
DA:29,0
DA:29,0
DA:30,0
DA:30,0
DA:33,0
DA:33,0
DA:34,0
DA:34,0
DA:34,0
DA:35,0
DA:35,0
DA:35,0
DA:36,0
DA:36,0
DA:39,0
DA:39,0
FN:43,DeployPoseidon.bytesToAddress
FNDA:0,DeployPoseidon.bytesToAddress
DA:44,0
DA:44,0
BRDA:44,0,0,-
BRDA:44,0,1,-
DA:45,0
DA:45,0
DA:47,0
DA:47,0
DA:49,0
DA:49,0
FNF:2
FNH:0
LF:21
LH:0
BRF:2
BRH:0
end_of_record
TN:
SF:script/DeploySybil.s.sol
FN:16,MyScript.run
FNDA:0,MyScript.run
DA:17,0
DA:17,0
DA:17,0
DA:22,0
DA:22,0
DA:22,0
DA:23,0
DA:23,0
DA:23,0
DA:24,0
DA:24,0
DA:24,0
DA:27,0
DA:27,0
DA:28,0
DA:28,0
DA:29,0
DA:29,0
DA:32,0
DA:32,0
DA:33,0
DA:33,0
DA:34,0
DA:34,0
DA:36,0
DA:36,0
DA:38,0
DA:38,0
DA:38,0
DA:47,0
DA:47,0
DA:49,0
DA:49,0
FNF:1
FNH:0
LF:14
LH:0
BRF:0
BRH:0
end_of_record
TN:
SF:script/DeployVerifier.s.sol
FN:13,MyScript.run
FNDA:0,MyScript.run
DA:15,0
DA:15,0
DA:16,0
DA:16,0
DA:16,0
DA:17,0
DA:17,0
DA:19,0
DA:19,0
FNF:1
FNH:0
LF:4
LH:0
BRF:0
BRH:0
end_of_record
TN:
SF:src/Sybil.sol
FN:84,Sybil.initialize
FNDA:0,Sybil.initialize
DA:92,0
DA:92,0
DA:93,0
DA:93,0
DA:95,0
DA:95,0
DA:101,0
DA:101,0
DA:107,0
DA:107,0
FN:118,Sybil.addL1Transaction
FNDA:14,Sybil.addL1Transaction
DA:125,14
DA:125,14
DA:125,14
DA:126,14
DA:126,14
BRDA:126,0,0,-
BRDA:126,0,1,14
DA:127,0
DA:127,0
DA:129,14
DA:129,14
BRDA:129,1,0,-
BRDA:129,1,1,14
DA:130,0
DA:130,0
DA:133,14
DA:133,14
DA:133,14
DA:134,14
DA:134,14
BRDA:134,2,0,-
BRDA:134,2,1,14
DA:135,0
DA:135,0
DA:138,14
DA:138,14
DA:138,14
DA:138,7
BRDA:138,3,0,1
BRDA:138,3,1,6
DA:139,7
DA:139,7
DA:139,7
DA:139,6
BRDA:139,4,0,1
BRDA:139,4,1,6
DA:140,1
DA:140,1
DA:142,7
DA:142,7
DA:142,7
DA:142,7
DA:142,2
DA:142,2
BRDA:142,5,0,1
BRDA:142,5,1,1
DA:143,2
DA:143,2
DA:143,2
DA:143,1
BRDA:143,6,0,1
BRDA:143,6,1,1
DA:144,1
DA:144,1
DA:146,5
DA:146,5
DA:146,5
DA:146,5
DA:146,2
DA:146,2
BRDA:146,7,0,1
BRDA:146,7,1,1
DA:147,2
DA:147,2
DA:147,2
DA:147,1
BRDA:147,8,0,1
BRDA:147,8,1,1
DA:148,1
DA:148,1
DA:150,3
DA:150,3
DA:150,3
DA:150,3
DA:150,2
DA:150,2
BRDA:150,9,0,1
BRDA:150,9,1,1
DA:151,2
DA:151,2
DA:151,2
DA:151,2
DA:151,1
DA:151,1
BRDA:151,10,0,1
BRDA:151,10,1,1
DA:152,1
DA:152,1
DA:155,1
DA:155,1
DA:158,9
DA:158,9
FN:170,Sybil._l1QueueAddTx
FNDA:9,Sybil._l1QueueAddTx
DA:178,9
DA:178,9
DA:178,9
DA:187,9
DA:187,9
DA:187,9
DA:190,9
DA:190,9
DA:195,9
DA:195,9
DA:197,9
DA:197,9
DA:197,9
BRDA:197,11,0,-
BRDA:197,11,1,9
DA:198,0
DA:198,0
FN:206,Sybil._clearQueue
FNDA:1,Sybil._clearQueue
DA:207,1
DA:207,1
DA:207,1
DA:210,1
DA:210,1
DA:211,1
DA:211,1
DA:212,1
DA:212,1
BRDA:212,12,0,1
BRDA:212,12,1,1
DA:213,1
DA:213,1
DA:215,1
DA:215,1
FN:227,Sybil.forgeBatch
FNDA:11,Sybil.forgeBatch
DA:240,11
DA:240,11
DA:241,11
DA:241,11
DA:242,11
DA:242,11
DA:243,11
DA:243,11
DA:244,11
DA:244,11
DA:245,11
DA:245,11
DA:248,11
DA:248,11
BRDA:248,13,0,-
BRDA:248,13,1,11
DA:258,11
DA:258,11
DA:259,11
BRDA:259,14,0,1
BRDA:259,14,1,11
DA:260,1
DA:260,1
DA:261,1
DA:261,1
DA:264,11
DA:264,11
FN:271,Sybil.setForgeL1L2BatchTimeout
FNDA:2,Sybil.setForgeL1L2BatchTimeout
DA:272,1
DA:272,1
BRDA:272,15,0,-
BRDA:272,15,1,1
DA:276,1
DA:276,1
FN:289,Sybil.withdrawMerkleProof
FNDA:4,Sybil.withdrawMerkleProof
DA:297,4
DA:297,4
DA:297,4
DA:303,4
DA:303,4
DA:303,4
DA:306,4
BRDA:306,16,0,-
BRDA:306,16,1,4
DA:307,0
DA:307,0
DA:311,4
DA:311,4
DA:314,4
DA:314,4
BRDA:314,17,0,-
BRDA:314,17,1,4
DA:315,0
DA:315,0
DA:319,4
DA:319,4
DA:321,4
DA:321,4
DA:323,0
DA:323,0
FN:330,Sybil._withdrawFunds
FNDA:4,Sybil._withdrawFunds
DA:333,4
DA:333,4
FN:340,Sybil._safeTransfer
FNDA:4,Sybil._safeTransfer
DA:344,4
DA:344,4
DA:344,4
DA:347,4
DA:347,4
BRDA:347,18,0,4
BRDA:347,18,1,-
DA:348,4
DA:348,4
FN:357,Sybil.getStateRoot
FNDA:1,Sybil.getStateRoot
DA:358,1
DA:358,1
FN:365,Sybil.getLastForgedBatch
FNDA:2,Sybil.getLastForgedBatch
DA:366,2
DA:366,2
FN:374,Sybil.getL1TransactionQueue
FNDA:1,Sybil.getL1TransactionQueue
DA:375,1
DA:375,1
FN:382,Sybil.getQueueLength
FNDA:3,Sybil.getQueueLength
DA:383,3
DA:383,3
DA:383,3
FN:391,Sybil._float2Fix
FNDA:28,Sybil._float2Fix
DA:392,28
DA:392,28
DA:392,28
DA:392,28
DA:392,28
FN:401,Sybil._initializeVerifiers
FNDA:0,Sybil._initializeVerifiers
DA:406,0
DA:406,0
DA:407,0
DA:407,0
DA:407,0
DA:407,0
DA:408,0
DA:408,0
DA:408,0
BRDA:408,19,0,-
BRDA:408,19,1,-
DA:409,0
DA:409,0
DA:412,0
DA:412,0
FNF:15
FNH:13
LF:77
LH:60
BRF:40
BRH:29
end_of_record
TN:
SF:src/stub/VerifierRollupStub.sol
FN:7,VerifierRollupStub.verifyProof
FNDA:11,VerifierRollupStub.verifyProof
DA:13,11
DA:13,11
FNF:1
FNH:1
LF:1
LH:1
BRF:0
BRH:0
end_of_record
TN:
SF:src/sybil.sol
FN:84,Sybil.initialize
FNDA:0,Sybil.initialize
DA:92,0
DA:92,0
DA:93,0
DA:93,0
DA:95,0
DA:95,0
DA:101,0
DA:101,0
DA:107,0
DA:107,0
FN:118,Sybil.addL1Transaction
FNDA:0,Sybil.addL1Transaction
DA:125,0
DA:125,0
DA:125,0
DA:126,0
DA:126,0
BRDA:126,0,0,-
BRDA:126,0,1,-
DA:127,0
DA:127,0
DA:129,0
DA:129,0
BRDA:129,1,0,-
BRDA:129,1,1,-
DA:130,0
DA:130,0
DA:133,0
DA:133,0
DA:133,0
DA:134,0
DA:134,0
BRDA:134,2,0,-
BRDA:134,2,1,-
DA:135,0
DA:135,0
DA:138,0
DA:138,0
DA:138,0
DA:138,0
BRDA:138,3,0,-
BRDA:138,3,1,-
DA:139,0
DA:139,0
DA:139,0
DA:139,0
BRDA:139,4,0,-
BRDA:139,4,1,-
DA:140,0
DA:140,0
DA:142,0
DA:142,0
DA:142,0
DA:142,0
DA:142,0
DA:142,0
BRDA:142,5,0,-
BRDA:142,5,1,-
DA:143,0
DA:143,0
DA:143,0
DA:143,0
BRDA:143,6,0,-
BRDA:143,6,1,-
DA:144,0
DA:144,0
DA:146,0
DA:146,0
DA:146,0
DA:146,0
DA:146,0
DA:146,0
BRDA:146,7,0,-
BRDA:146,7,1,-
DA:147,0
DA:147,0
DA:147,0
DA:147,0
BRDA:147,8,0,-
BRDA:147,8,1,-
DA:148,0
DA:148,0
DA:150,0
DA:150,0
DA:150,0
DA:150,0
DA:150,0
DA:150,0
BRDA:150,9,0,-
BRDA:150,9,1,-
DA:151,0
DA:151,0
DA:151,0
DA:151,0
DA:151,0
DA:151,0
BRDA:151,10,0,-
BRDA:151,10,1,-
DA:152,0
DA:152,0
DA:155,0
DA:155,0
DA:158,0
DA:158,0
FN:170,Sybil._l1QueueAddTx
FNDA:0,Sybil._l1QueueAddTx
DA:178,0
DA:178,0
DA:178,0
DA:187,0
DA:187,0
DA:187,0
DA:190,0
DA:190,0
DA:195,0
DA:195,0
DA:197,0
DA:197,0
DA:197,0
BRDA:197,11,0,-
BRDA:197,11,1,-
DA:198,0
DA:198,0
FN:206,Sybil._clearQueue
FNDA:0,Sybil._clearQueue
DA:207,0
DA:207,0
DA:207,0
DA:210,0
DA:210,0
DA:211,0
DA:211,0
DA:212,0
DA:212,0
BRDA:212,12,0,-
BRDA:212,12,1,-
DA:213,0
DA:213,0
DA:215,0
DA:215,0
FN:227,Sybil.forgeBatch
FNDA:0,Sybil.forgeBatch
DA:240,0
DA:240,0
DA:241,0
DA:241,0
DA:242,0
DA:242,0
DA:243,0
DA:243,0
DA:244,0
DA:244,0
DA:245,0
DA:245,0
DA:248,0
DA:248,0
BRDA:248,13,0,-
BRDA:248,13,1,-
DA:258,0
DA:258,0
DA:259,0
BRDA:259,14,0,-
BRDA:259,14,1,-
DA:260,0
DA:260,0
DA:261,0
DA:261,0
DA:264,0
DA:264,0
FN:271,Sybil.setForgeL1L2BatchTimeout
FNDA:0,Sybil.setForgeL1L2BatchTimeout
DA:272,0
DA:272,0
BRDA:272,15,0,-
BRDA:272,15,1,-
DA:276,0
DA:276,0
FN:289,Sybil.withdrawMerkleProof
FNDA:0,Sybil.withdrawMerkleProof
DA:297,0
DA:297,0
DA:297,0
DA:303,0
DA:303,0
DA:303,0
DA:306,0
BRDA:306,16,0,-
BRDA:306,16,1,-
DA:307,0
DA:307,0
DA:311,0
DA:311,0
DA:314,0
DA:314,0
BRDA:314,17,0,-
BRDA:314,17,1,-
DA:315,0
DA:315,0
DA:319,0
DA:319,0
DA:321,0
DA:321,0
DA:323,0
DA:323,0
FN:330,Sybil._withdrawFunds
FNDA:0,Sybil._withdrawFunds
DA:333,0
DA:333,0
FN:340,Sybil._safeTransfer
FNDA:0,Sybil._safeTransfer
DA:344,0
DA:344,0
DA:344,0
DA:347,0
DA:347,0
BRDA:347,18,0,-
BRDA:347,18,1,-
DA:348,0
DA:348,0
FN:357,Sybil.getStateRoot
FNDA:0,Sybil.getStateRoot
DA:358,0
DA:358,0
FN:365,Sybil.getLastForgedBatch
FNDA:0,Sybil.getLastForgedBatch
DA:366,0
DA:366,0
FN:374,Sybil.getL1TransactionQueue
FNDA:0,Sybil.getL1TransactionQueue
DA:375,0
DA:375,0
FN:382,Sybil.getQueueLength
FNDA:0,Sybil.getQueueLength
DA:383,0
DA:383,0
DA:383,0
FN:391,Sybil._float2Fix
FNDA:0,Sybil._float2Fix
DA:392,0
DA:392,0
DA:392,0
DA:392,0
DA:392,0
FN:401,Sybil._initializeVerifiers
FNDA:0,Sybil._initializeVerifiers
DA:406,0
DA:406,0
DA:407,0
DA:407,0
DA:407,0
DA:407,0
DA:408,0
DA:408,0
DA:408,0
BRDA:408,19,0,-
BRDA:408,19,1,-
DA:409,0
DA:409,0
DA:412,0
DA:412,0
FNF:15
FNH:0
LF:77
LH:0
BRF:40
BRH:0
end_of_record
TN:
SF:src/sybilHelpers.sol
FN:15,PoseidonUnit3.poseidon
FNDA:0,PoseidonUnit3.poseidon
FN:8,PoseidonUnit2.poseidon
FNDA:19,PoseidonUnit2.poseidon
FN:37,SybilHelpers._initializeHelpers
FNDA:0,SybilHelpers._initializeHelpers
DA:42,0
DA:42,0
BRDA:42,0,0,-
BRDA:42,0,1,-
DA:43,0
DA:43,0
BRDA:43,1,0,-
BRDA:43,1,1,-
DA:44,0
DA:44,0
BRDA:44,2,0,-
BRDA:44,2,1,-
DA:46,0
DA:46,0
DA:47,0
DA:47,0
DA:48,0
DA:48,0
FN:59,SybilHelpers._buildTreeState
FNDA:4,SybilHelpers._buildTreeState
DA:65,4
DA:65,4
DA:67,4
DA:67,4
DA:68,4
DA:68,4
DA:70,4
DA:70,4
DA:72,4
DA:72,4
DA:74,4
DA:74,4
DA:75,4
DA:75,4
FN:83,SybilHelpers._hash2Elements
FNDA:11,SybilHelpers._hash2Elements
DA:87,11
DA:87,11
DA:87,11
FN:95,SybilHelpers._hash3Elements
FNDA:4,SybilHelpers._hash3Elements
DA:99,4
DA:99,4
DA:99,4
FN:107,SybilHelpers._hash4Elements
FNDA:4,SybilHelpers._hash4Elements
DA:111,4
DA:111,4
DA:111,4
FN:120,SybilHelpers._hashFinalNode
FNDA:0,SybilHelpers._hashFinalNode
DA:124,4
DA:124,4
DA:125,4
DA:125,4
DA:126,4
DA:126,4
DA:127,4
DA:127,4
DA:128,4
DA:128,4
DA:128,4
FN:139,SybilHelpers._smtVerifier
FNDA:4,SybilHelpers._smtVerifier
DA:146,4
DA:146,4
DA:146,4
DA:147,4
DA:147,4
DA:148,4
DA:148,4
DA:148,4
DA:148,4
DA:148,6
DA:148,2
DA:149,2
DA:149,2
DA:150,2
DA:150,2
DA:150,2
DA:151,2
DA:151,2
DA:157,4
DA:157,4
DA:157,4
FN:166,SybilHelpers._hashNode
FNDA:9,SybilHelpers._hashNode
DA:170,11
DA:170,11
DA:171,11
DA:171,11
DA:172,11
DA:172,11
DA:173,11
DA:173,11
DA:173,11
FN:22,PoseidonUnit4.poseidon
FNDA:0,PoseidonUnit4.poseidon
FNF:11
FNH:7
LF:32
LH:26
BRF:6
BRH:0
end_of_record
TN:
SF:test/_helpers/constants.sol
FN:17,TestHelpers.toEther
FNDA:0,TestHelpers.toEther
DA:18,0
DA:18,0
DA:18,0
FN:22,TestHelpers.getZeroAddress
FNDA:0,TestHelpers.getZeroAddress
DA:23,0
DA:23,0
DA:23,0
FN:26,TestHelpers.toWei
FNDA:0,TestHelpers.toWei
DA:27,0
DA:27,0
DA:27,0
FN:30,TestHelpers.isValidAddress
FNDA:0,TestHelpers.isValidAddress
DA:31,0
DA:31,0
DA:31,0
DA:31,0
FN:34,TestHelpers.exceedsLimit
FNDA:0,TestHelpers.exceedsLimit
DA:35,0
DA:35,0
DA:35,0
FN:39,TestHelpers.getZeroAmount
FNDA:0,TestHelpers.getZeroAmount
DA:40,0
DA:40,0
FN:44,TestHelpers.getOneEther
FNDA:0,TestHelpers.getOneEther
DA:45,0
DA:45,0
FN:49,TestHelpers.float2Fix
FNDA:0,TestHelpers.float2Fix
DA:50,0
DA:50,0
DA:50,0
FNF:8
FNH:0
LF:8
LH:0
BRF:0
BRH:0
end_of_record
TN:
SF:test/_helpers/transactionTypes.sol
FN:15,TransactionTypeHelper.validDeposit
FNDA:0,TransactionTypeHelper.validDeposit
DA:16,0
DA:16,0
DA:16,0
FN:26,TransactionTypeHelper.invalidDeposit
FNDA:0,TransactionTypeHelper.invalidDeposit
DA:27,0
DA:27,0
DA:27,0
FN:37,TransactionTypeHelper.validCreateAccount
FNDA:0,TransactionTypeHelper.validCreateAccount
DA:38,0
DA:38,0
DA:38,0
FN:48,TransactionTypeHelper.invalidCreateAccount
FNDA:0,TransactionTypeHelper.invalidCreateAccount
DA:49,0
DA:49,0
DA:49,0
FN:59,TransactionTypeHelper.validForceExit
FNDA:0,TransactionTypeHelper.validForceExit
DA:60,0
DA:60,0
DA:60,0
FN:70,TransactionTypeHelper.invalidForceExit
FNDA:0,TransactionTypeHelper.invalidForceExit
DA:71,0
DA:71,0
DA:71,0
FN:81,TransactionTypeHelper.validForceExplode
FNDA:0,TransactionTypeHelper.validForceExplode
DA:82,0
DA:82,0
DA:82,0
FN:92,TransactionTypeHelper.valid
FNDA:0,TransactionTypeHelper.valid
DA:93,0
DA:93,0
DA:93,0
FN:103,TransactionTypeHelper.invalidForceExplode
FNDA:0,TransactionTypeHelper.invalidForceExplode
DA:104,0
DA:104,0
DA:104,0
FNF:9
FNH:0
LF:9
LH:0
BRF:0
BRH:0
end_of_record
TN:
SF:test/unittest/sybilt.t.sol
FN:783,RevertingReceiver.
FNDA:0,RevertingReceiver.
DA:784,0
DA:784,0
FNF:1
FNH:0
LF:1
LH:0
BRF:0
BRH:0
end_of_record
